<?xml version="1.0" encoding="UTF-8"?>
<!-- Generated by org.testng.reporters.JUnitXMLReporter -->
<testsuite ignored="0" hostname="ManvithsDell" failures="1" tests="80" name="Test" time="0.462" errors="0" timestamp="2023-11-07T20:30:41 EST">
  <testcase classname="learntestNG.TestScenario4" name="eighth_testcase" time="0.01"/>
  <testcase classname="learntestNG.TestScenario4" name="fifth_testcase" time="0.003"/>
  <testcase classname="learntestNG.TestScenario4" name="first_testcase" time="0.002"/>
  <testcase classname="learntestNG.TestScenario4" name="fourth_testcase" time="0.003"/>
  <testcase classname="learntestNG.TestScenario4" name="second_testcase" time="0.003"/>
  <testcase classname="learntestNG.TestScenario4" name="seventh_testcase" time="0.004"/>
  <testcase classname="learntestNG.TestScenario4" name="sixth_testcase" time="0.002"/>
  <testcase classname="learntestNG.TestScenario4" name="third_testcase" time="0.002"/>
  <testcase classname="learntestNG.TestScenario3" name="eighth_testcase" time="0.003"/>
  <testcase classname="learntestNG.TestScenario3" name="fifth_testcase" time="0.002"/>
  <testcase classname="learntestNG.TestScenario3" name="first_testcase" time="0.002"/>
  <testcase classname="learntestNG.TestScenario3" name="fourth_testcase" time="0.002"/>
  <testcase classname="learntestNG.TestScenario3" name="second_testcase" time="0.002"/>
  <testcase classname="learntestNG.TestScenario3" name="seventh_testcase" time="0.001"/>
  <testcase classname="learntestNG.TestScenario3" name="sixth_testcase" time="0.002"/>
  <testcase classname="learntestNG.TestScenario3" name="third_testcase" time="0.001"/>
  <testcase classname="learntestNG.TestScenario6" name="eighth_testcase" time="0.002"/>
  <testcase classname="learntestNG.TestScenario6" name="fifth_testcase" time="0.001"/>
  <testcase classname="learntestNG.TestScenario6" name="first_testcase" time="0.002"/>
  <testcase classname="learntestNG.TestScenario6" name="fourth_testcase" time="0.002"/>
  <testcase classname="learntestNG.TestScenario6" name="second_testcase" time="0.002"/>
  <testcase classname="learntestNG.TestScenario6" name="seventh_testcase" time="0.002"/>
  <testcase classname="learntestNG.TestScenario6" name="sixth_testcase" time="0.001"/>
  <testcase classname="learntestNG.TestScenario6" name="third_testcase" time="0.001"/>
  <testcase classname="learntestNG.TestScenario5" name="eighth_testcase" time="0.0"/>
  <testcase classname="learntestNG.TestScenario5" name="fifth_testcase" time="0.001"/>
  <testcase classname="learntestNG.TestScenario5" name="first_testcase" time="0.001"/>
  <testcase classname="learntestNG.TestScenario5" name="fourth_testcase" time="0.001"/>
  <testcase classname="learntestNG.TestScenario5" name="second_testcase" time="0.002"/>
  <testcase classname="learntestNG.TestScenario5" name="seventh_testcase" time="0.002"/>
  <testcase classname="learntestNG.TestScenario5" name="sixth_testcase" time="0.001"/>
  <testcase classname="learntestNG.TestScenario5" name="third_testcase" time="0.002"/>
  <testcase classname="learntestNG.TestScenario2" name="eighth_testcase" time="0.001"/>
  <testcase classname="learntestNG.TestScenario2" name="fifth_testcase" time="0.0"/>
  <testcase classname="learntestNG.TestScenario2" name="first_testcase" time="0.001"/>
  <testcase classname="learntestNG.TestScenario2" name="fourth_testcase" time="0.001"/>
  <testcase classname="learntestNG.TestScenario2" name="second_testcase" time="0.001"/>
  <testcase classname="learntestNG.TestScenario2" name="seventh_testcase" time="0.001"/>
  <testcase classname="learntestNG.TestScenario2" name="sixth_testcase" time="0.002"/>
  <testcase classname="learntestNG.TestScenario2" name="third_testcase" time="0.001"/>
  <testcase classname="learntestNG.TestScenario1" name="eighth_testcase" time="0.001"/>
  <testcase classname="learntestNG.TestScenario1" name="fifth_testcase" time="0.001"/>
  <testcase classname="learntestNG.TestScenario1" name="first_testcase" time="0.024">
    <failure type="java.lang.AssertionError" message="expected [HelloWorld] but found [Hello]">
      <![CDATA[java.lang.AssertionError: expected [HelloWorld] but found [Hello]
at learntestNG.TestScenario1.first_testcase(TestScenario1.java:15)
at java.base/java.util.ArrayList.forEach(ArrayList.java:1511)
... Removed 33 stack frames]]>
    </failure>
  </testcase> <!-- first_testcase -->
  <testcase classname="learntestNG.TestScenario1" name="fourth_testcase" time="0.002"/>
  <testcase classname="learntestNG.TestScenario1" name="second_testcase" time="0.001"/>
  <testcase classname="learntestNG.TestScenario1" name="seventh_testcase" time="0.001"/>
  <testcase classname="learntestNG.TestScenario1" name="sixth_testcase" time="0.001"/>
  <testcase classname="learntestNG.TestScenario1" name="third_testcase" time="0.0"/>
  <testcase classname="learntestNG.TestScenario10" name="eighth_testcase" time="0.001"/>
  <testcase classname="learntestNG.TestScenario10" name="fifth_testcase" time="0.001"/>
  <testcase classname="learntestNG.TestScenario10" name="first_testcase" time="0.001"/>
  <testcase classname="learntestNG.TestScenario10" name="fourth_testcase" time="0.002"/>
  <testcase classname="learntestNG.TestScenario10" name="second_testcase" time="0.002"/>
  <testcase classname="learntestNG.TestScenario10" name="seventh_testcase" time="0.002"/>
  <testcase classname="learntestNG.TestScenario10" name="sixth_testcase" time="0.003"/>
  <testcase classname="learntestNG.TestScenario10" name="third_testcase" time="0.002"/>
  <testcase classname="learntestNG.TestScenario8" name="eighth_testcase" time="0.003"/>
  <testcase classname="learntestNG.TestScenario8" name="fifth_testcase" time="0.002"/>
  <testcase classname="learntestNG.TestScenario8" name="first_testcase" time="0.002"/>
  <testcase classname="learntestNG.TestScenario8" name="fourth_testcase" time="0.002"/>
  <testcase classname="learntestNG.TestScenario8" name="second_testcase" time="0.002"/>
  <testcase classname="learntestNG.TestScenario8" name="seventh_testcase" time="0.002"/>
  <testcase classname="learntestNG.TestScenario8" name="sixth_testcase" time="0.001"/>
  <testcase classname="learntestNG.TestScenario8" name="third_testcase" time="0.0"/>
  <testcase classname="learntestNG.TestScenario7" name="eighth_testcase" time="0.001"/>
  <testcase classname="learntestNG.TestScenario7" name="fifth_testcase" time="0.001"/>
  <testcase classname="learntestNG.TestScenario7" name="first_testcase" time="0.0"/>
  <testcase classname="learntestNG.TestScenario7" name="fourth_testcase" time="0.0"/>
  <testcase classname="learntestNG.TestScenario7" name="second_testcase" time="0.001"/>
  <testcase classname="learntestNG.TestScenario7" name="seventh_testcase" time="0.001"/>
  <testcase classname="learntestNG.TestScenario7" name="sixth_testcase" time="0.001"/>
  <testcase classname="learntestNG.TestScenario7" name="third_testcase" time="0.001"/>
  <testcase classname="learntestNG.TestScenario9" name="eighth_testcase" time="0.001"/>
  <testcase classname="learntestNG.TestScenario9" name="fifth_testcase" time="0.0"/>
  <testcase classname="learntestNG.TestScenario9" name="first_testcase" time="0.0"/>
  <testcase classname="learntestNG.TestScenario9" name="fourth_testcase" time="0.001"/>
  <testcase classname="learntestNG.TestScenario9" name="second_testcase" time="0.002"/>
  <testcase classname="learntestNG.TestScenario9" name="seventh_testcase" time="0.001"/>
  <testcase classname="learntestNG.TestScenario9" name="sixth_testcase" time="0.0"/>
  <testcase classname="learntestNG.TestScenario9" name="third_testcase" time="0.001"/>
</testsuite> <!-- Test -->
